
### Quien es tu personaje favorito? ###
0. Korby
1. MeganMan
2. Dittuu
#######################################

El espectador 1 ha escogido como su favorito a: Korby

El espectador 2 ha escogido como su favorito a: MeganMan

El espectador 3 ha escogido como su favorito a: Dittuu

EMPIEZAN LAS APUESTAS

EL COMBATE HA EMPEZADO


####################################
Vida de Korby: 100/100
Vida de MeganMan: 100/100
Vida de Dittuu: 100/100
####################################

MeganMan ha tomado un power up, se ha transformado en Ice Pegasus
Korby ataca a MeganMan 
MeganMan se defiende usando barrera de hielo
Korby ataca a Dittuu 
Dittuu se defiende 

####################################
Vida de Korby: 100/100
Vida de MeganMan: 125/100
Vida de Dittuu: 85/100
####################################

Korby ataca a MeganMan 
MeganMan se defiende 
Korby ataca a Dittuu 
Dittuu se defiende 

####################################
Vida de Korby: 100/100
Vida de MeganMan: 125/100
Vida de Dittuu: 70/100
####################################

Korby ataca a MeganMan 
MeganMan se defiende 
Korby ataca a Dittuu 
Dittuu se defiende 

####################################
Vida de Korby: 100/100
Vida de MeganMan: 125/100
Vida de Dittuu: 55/100
####################################

Korby ha tomado un power up, se ha transformado en Ladrillo
Korby ataca a MeganMan usando caida en la cabeza
MeganMan se defiende 
Korby ataca a Dittuu usando caida en la cabeza
Dittuu se defiende 

####################################
Vida de Korby: 100/100
Vida de MeganMan: 105/100
Vida de Dittuu: 20/100
####################################

Korby ataca a MeganMan 
MeganMan se defiende 
Korby ataca a Dittuu 
Dittuu se defiende 

####################################
Vida de Korby: 100/100
Vida de MeganMan: 105/100
Vida de Dittuu: 5/100
####################################

Korby ataca a MeganMan 
MeganMan se defiende 
Korby ataca a Dittuu 
Dittuu se defiende 

####################################
Vida de Korby: 100/100
Vida de MeganMan: 105/100
Dittuu ha sido derrotado en el combate. 
####################################

Dittuu ha tomado un power up, se ha transformado en Charizardo
Korby ataca a MeganMan 
MeganMan se defiende 

####################################
Vida de Korby: 100/100
Vida de MeganMan: 105/100
Dittuu ha sido derrotado en el combate. 
####################################

Korby ataca a MeganMan 
MeganMan se defiende 

####################################
Vida de Korby: 100/100
Vida de MeganMan: 105/100
Dittuu ha sido derrotado en el combate. 
####################################

Korby ataca a MeganMan 
MeganMan se defiende 

####################################
Vida de Korby: 100/100
Vida de MeganMan: 105/100
Dittuu ha sido derrotado en el combate. 
####################################

MeganMan ha tomado un power up, se ha transformado en Wind Soul
Korby ataca a MeganMan 
MeganMan se defiende usando barrera de viento

####################################
Vida de Korby: 100/100
Vida de MeganMan: 115/100
Dittuu ha sido derrotado en el combate. 
####################################

Korby ataca a MeganMan 
MeganMan se defiende 

####################################
Vida de Korby: 100/100
Vida de MeganMan: 115/100
Dittuu ha sido derrotado en el combate. 
####################################

Korby ataca a MeganMan 
MeganMan se defiende 

####################################
Vida de Korby: 100/100
Vida de MeganMan: 115/100
Dittuu ha sido derrotado en el combate. 
####################################

Dittuu ha tomado un power up, se ha transformado en Charizardo
Korby ataca a MeganMan 
MeganMan se defiende 

####################################
Vida de Korby: 100/100
Vida de MeganMan: 115/100
Dittuu ha sido derrotado en el combate. 
####################################

Korby ataca a MeganMan 
MeganMan se defiende 

####################################
Vida de Korby: 100/100
Vida de MeganMan: 115/100
Dittuu ha sido derrotado en el combate. 
####################################

Korby ataca a MeganMan 
MeganMan se defiende 

####################################
Vida de Korby: 100/100
Vida de MeganMan: 115/100
Dittuu ha sido derrotado en el combate. 
####################################

Dittuu ha tomado un power up, se ha transformado en Chikorisa
Korby ataca a MeganMan 
MeganMan se defiende 

####################################
Vida de Korby: 100/100
Vida de MeganMan: 115/100
Dittuu ha sido derrotado en el combate. 
####################################

Korby ataca a MeganMan 
MeganMan se defiende 

####################################
Vida de Korby: 100/100
Vida de MeganMan: 115/100
Dittuu ha sido derrotado en el combate. 
####################################

Korby ataca a MeganMan 
MeganMan se defiende 

####################################
Vida de Korby: 100/100
Vida de MeganMan: 115/100
Dittuu ha sido derrotado en el combate. 
####################################

Dittuu ha tomado un power up, se ha transformado en Charizardo
Korby ataca a MeganMan 
MeganMan se defiende 

####################################
Vida de Korby: 100/100
Vida de MeganMan: 115/100
Dittuu ha sido derrotado en el combate. 
####################################

Korby ataca a MeganMan 
MeganMan se defiende 

####################################
Vida de Korby: 100/100
Vida de MeganMan: 115/100
Dittuu ha sido derrotado en el combate. 
####################################

Korby ataca a MeganMan 
MeganMan se defiende 

####################################
Vida de Korby: 100/100
Vida de MeganMan: 115/100
Dittuu ha sido derrotado en el combate. 
####################################

Dittuu ha tomado un power up, se ha transformado en Spritle
Korby ataca a MeganMan 
MeganMan se defiende 

####################################
Vida de Korby: 100/100
Vida de MeganMan: 115/100
Dittuu ha sido derrotado en el combate. 
####################################

Korby ataca a MeganMan 
MeganMan se defiende 

####################################
Vida de Korby: 100/100
Vida de MeganMan: 115/100
Dittuu ha sido derrotado en el combate. 
####################################

Korby ataca a MeganMan 
MeganMan se defiende 

####################################
Vida de Korby: 100/100
Vida de MeganMan: 115/100
Dittuu ha sido derrotado en el combate. 
####################################

MeganMan ha tomado un power up, se ha transformado en Ice Pegasus
Korby ataca a MeganMan 
MeganMan se defiende usando barrera de hielo

####################################
Vida de Korby: 100/100
Vida de MeganMan: 140/100
Dittuu ha sido derrotado en el combate. 
####################################

Korby ataca a MeganMan 
MeganMan se defiende 

####################################
Vida de Korby: 100/100
Vida de MeganMan: 140/100
Dittuu ha sido derrotado en el combate. 
####################################

Korby ataca a MeganMan 
MeganMan se defiende 

####################################
Vida de Korby: 100/100
Vida de MeganMan: 140/100
Dittuu ha sido derrotado en el combate. 
####################################

Dittuu ha tomado un power up, se ha transformado en Chikorisa
Korby ataca a MeganMan 
MeganMan se defiende 

####################################
Vida de Korby: 100/100
Vida de MeganMan: 140/100
Dittuu ha sido derrotado en el combate. 
####################################

Korby ataca a MeganMan 
MeganMan se defiende 

####################################
Vida de Korby: 100/100
Vida de MeganMan: 140/100
Dittuu ha sido derrotado en el combate. 
####################################

Korby ataca a MeganMan 
MeganMan se defiende 

####################################
Vida de Korby: 100/100
Vida de MeganMan: 140/100
Dittuu ha sido derrotado en el combate. 
####################################

MeganMan ha tomado un power up, se ha transformado en Fire Soul
Korby ataca a MeganMan 
MeganMan se defiende usando calentar armadura

####################################
Vida de Korby: 100/100
Vida de MeganMan: 147/100
Dittuu ha sido derrotado en el combate. 
####################################

Korby ataca a MeganMan 
MeganMan se defiende 

####################################
Vida de Korby: 100/100
Vida de MeganMan: 147/100
Dittuu ha sido derrotado en el combate. 
####################################

Korby ataca a MeganMan 
MeganMan se defiende 

####################################
Vida de Korby: 100/100
Vida de MeganMan: 147/100
Dittuu ha sido derrotado en el combate. 
####################################

MeganMan ha tomado un power up, se ha transformado en Wind Soul
Korby ataca a MeganMan 
MeganMan se defiende usando barrera de viento

####################################
Vida de Korby: 100/100
Vida de MeganMan: 157/100
Dittuu ha sido derrotado en el combate. 
####################################

Korby ataca a MeganMan 
MeganMan se defiende 

####################################
Vida de Korby: 100/100
Vida de MeganMan: 157/100
Dittuu ha sido derrotado en el combate. 
####################################

Korby ataca a MeganMan 
MeganMan se defiende 

####################################
Vida de Korby: 100/100
Vida de MeganMan: 157/100
Dittuu ha sido derrotado en el combate. 
####################################

Korby ha tomado un power up, se ha transformado en Ladrillo
Korby ataca a MeganMan usando caida en la cabeza
MeganMan se defiende 

####################################
Vida de Korby: 100/100
Vida de MeganMan: 137/100
Dittuu ha sido derrotado en el combate. 
####################################

Korby ataca a MeganMan 
MeganMan se defiende 

####################################
Vida de Korby: 100/100
Vida de MeganMan: 137/100
Dittuu ha sido derrotado en el combate. 
####################################

Korby ataca a MeganMan 
MeganMan se defiende 

####################################
Vida de Korby: 100/100
Vida de MeganMan: 137/100
Dittuu ha sido derrotado en el combate. 
####################################

Dittuu ha tomado un power up, se ha transformado en Spritle
Korby ataca a MeganMan 
MeganMan se defiende 

####################################
Vida de Korby: 100/100
Vida de MeganMan: 137/100
Dittuu ha sido derrotado en el combate. 
####################################

Korby ataca a MeganMan 
MeganMan se defiende 

####################################
Vida de Korby: 100/100
Vida de MeganMan: 137/100
Dittuu ha sido derrotado en el combate. 
####################################

Korby ataca a MeganMan 
MeganMan se defiende 

####################################
Vida de Korby: 100/100
Vida de MeganMan: 137/100
Dittuu ha sido derrotado en el combate. 
####################################

Korby ha tomado un power up, se ha transformado en Ladrillo
Korby ataca a MeganMan usando caida en la cabeza
MeganMan se defiende 

####################################
Vida de Korby: 100/100
Vida de MeganMan: 117/100
Dittuu ha sido derrotado en el combate. 
####################################

Korby ataca a MeganMan 
MeganMan se defiende 

####################################
Vida de Korby: 100/100
Vida de MeganMan: 117/100
Dittuu ha sido derrotado en el combate. 
####################################

Korby ataca a MeganMan 
MeganMan se defiende 

####################################
Vida de Korby: 100/100
Vida de MeganMan: 117/100
Dittuu ha sido derrotado en el combate. 
####################################

Dittuu ha tomado un power up, se ha transformado en Charizardo
Korby ataca a MeganMan 
MeganMan se defiende 

####################################
Vida de Korby: 100/100
Vida de MeganMan: 117/100
Dittuu ha sido derrotado en el combate. 
####################################

Korby ataca a MeganMan 
MeganMan se defiende 

####################################
Vida de Korby: 100/100
Vida de MeganMan: 117/100
Dittuu ha sido derrotado en el combate. 
####################################

Korby ataca a MeganMan 
MeganMan se defiende 

####################################
Vida de Korby: 100/100
Vida de MeganMan: 117/100
Dittuu ha sido derrotado en el combate. 
####################################

MeganMan ha tomado un power up, se ha transformado en Ice Pegasus
Korby ataca a MeganMan 
MeganMan se defiende usando barrera de hielo

####################################
Vida de Korby: 100/100
Vida de MeganMan: 142/100
Dittuu ha sido derrotado en el combate. 
####################################

Korby ataca a MeganMan 
MeganMan se defiende 

####################################
Vida de Korby: 100/100
Vida de MeganMan: 142/100
Dittuu ha sido derrotado en el combate. 
####################################

Korby ataca a MeganMan 
MeganMan se defiende 

####################################
Vida de Korby: 100/100
Vida de MeganMan: 142/100
Dittuu ha sido derrotado en el combate. 
####################################

Korby ha tomado un power up, se ha transformado en Don Kingkon
Korby ataca a MeganMan usando sus puños
MeganMan se defiende 

####################################
Vida de Korby: 100/100
Vida de MeganMan: 122/100
Dittuu ha sido derrotado en el combate. 
####################################

Korby ataca a MeganMan 
MeganMan se defiende 

####################################
Vida de Korby: 100/100
Vida de MeganMan: 122/100
Dittuu ha sido derrotado en el combate. 
####################################

Korby ataca a MeganMan 
MeganMan se defiende 

####################################
Vida de Korby: 100/100
Vida de MeganMan: 122/100
Dittuu ha sido derrotado en el combate. 
####################################

Korby ha tomado un power up, se ha transformado en Hyperlink
Korby ataca a MeganMan usando su espada
MeganMan se defiende 

####################################
Vida de Korby: 100/100
Vida de MeganMan: 89/100
Dittuu ha sido derrotado en el combate. 
####################################

Korby ataca a MeganMan 
MeganMan se defiende 

####################################
Vida de Korby: 100/100
Vida de MeganMan: 89/100
Dittuu ha sido derrotado en el combate. 
####################################

Korby ataca a MeganMan 
MeganMan se defiende 

####################################
Vida de Korby: 100/100
Vida de MeganMan: 89/100
Dittuu ha sido derrotado en el combate. 
####################################

Korby ha tomado un power up, se ha transformado en Ladrillo
Korby ataca a MeganMan usando caida en la cabeza
MeganMan se defiende 

####################################
Vida de Korby: 100/100
Vida de MeganMan: 69/100
Dittuu ha sido derrotado en el combate. 
####################################

Korby ataca a MeganMan 
MeganMan se defiende 

####################################
Vida de Korby: 100/100
Vida de MeganMan: 69/100
Dittuu ha sido derrotado en el combate. 
####################################

Korby ataca a MeganMan 
MeganMan se defiende 

####################################
Vida de Korby: 100/100
Vida de MeganMan: 69/100
Dittuu ha sido derrotado en el combate. 
####################################

Dittuu ha tomado un power up, se ha transformado en Chikorisa
Korby ataca a MeganMan 
MeganMan se defiende 

####################################
Vida de Korby: 100/100
Vida de MeganMan: 69/100
Dittuu ha sido derrotado en el combate. 
####################################

Korby ataca a MeganMan 
MeganMan se defiende 

####################################
Vida de Korby: 100/100
Vida de MeganMan: 69/100
Dittuu ha sido derrotado en el combate. 
####################################

Korby ataca a MeganMan 
MeganMan se defiende 

####################################
Vida de Korby: 100/100
Vida de MeganMan: 69/100
Dittuu ha sido derrotado en el combate. 
####################################

Dittuu ha tomado un power up, se ha transformado en Spritle
Korby ataca a MeganMan 
MeganMan se defiende 

####################################
Vida de Korby: 100/100
Vida de MeganMan: 69/100
Dittuu ha sido derrotado en el combate. 
####################################

Korby ataca a MeganMan 
MeganMan se defiende 

####################################
Vida de Korby: 100/100
Vida de MeganMan: 69/100
Dittuu ha sido derrotado en el combate. 
####################################

Korby ataca a MeganMan 
MeganMan se defiende 

####################################
Vida de Korby: 100/100
Vida de MeganMan: 69/100
Dittuu ha sido derrotado en el combate. 
####################################

MeganMan ha tomado un power up, se ha transformado en Wind Soul
Korby ataca a MeganMan 
MeganMan se defiende usando barrera de viento

####################################
Vida de Korby: 100/100
Vida de MeganMan: 79/100
Dittuu ha sido derrotado en el combate. 
####################################

Korby ataca a MeganMan 
MeganMan se defiende 

####################################
Vida de Korby: 100/100
Vida de MeganMan: 79/100
Dittuu ha sido derrotado en el combate. 
####################################

Korby ataca a MeganMan 
MeganMan se defiende 

####################################
Vida de Korby: 100/100
Vida de MeganMan: 79/100
Dittuu ha sido derrotado en el combate. 
####################################

Korby ha tomado un power up, se ha transformado en Hyperlink
Korby ataca a MeganMan usando su espada
MeganMan se defiende 

####################################
Vida de Korby: 100/100
Vida de MeganMan: 46/100
Dittuu ha sido derrotado en el combate. 
####################################

Korby ataca a MeganMan 
MeganMan se defiende 

####################################
Vida de Korby: 100/100
Vida de MeganMan: 46/100
Dittuu ha sido derrotado en el combate. 
####################################

Korby ataca a MeganMan 
MeganMan se defiende 

####################################
Vida de Korby: 100/100
Vida de MeganMan: 46/100
Dittuu ha sido derrotado en el combate. 
####################################

Dittuu ha tomado un power up, se ha transformado en Charizardo
Korby ataca a MeganMan 
MeganMan se defiende 

####################################
Vida de Korby: 100/100
Vida de MeganMan: 46/100
Dittuu ha sido derrotado en el combate. 
####################################

Korby ataca a MeganMan 
MeganMan se defiende 

####################################
Vida de Korby: 100/100
Vida de MeganMan: 46/100
Dittuu ha sido derrotado en el combate. 
####################################

Korby ataca a MeganMan 
MeganMan se defiende 

####################################
Vida de Korby: 100/100
Vida de MeganMan: 46/100
Dittuu ha sido derrotado en el combate. 
####################################

MeganMan ha tomado un power up, se ha transformado en Ice Pegasus
Korby ataca a MeganMan 
MeganMan se defiende usando barrera de hielo

####################################
Vida de Korby: 100/100
Vida de MeganMan: 71/100
Dittuu ha sido derrotado en el combate. 
####################################

Korby ataca a MeganMan 
MeganMan se defiende 

####################################
Vida de Korby: 100/100
Vida de MeganMan: 71/100
Dittuu ha sido derrotado en el combate. 
####################################

Korby ataca a MeganMan 
MeganMan se defiende 

####################################
Vida de Korby: 100/100
Vida de MeganMan: 71/100
Dittuu ha sido derrotado en el combate. 
####################################

Korby ha tomado un power up, se ha transformado en Hyperlink
Korby ataca a MeganMan usando su espada
MeganMan se defiende 

####################################
Vida de Korby: 100/100
Vida de MeganMan: 38/100
Dittuu ha sido derrotado en el combate. 
####################################

Korby ataca a MeganMan 
MeganMan se defiende 

####################################
Vida de Korby: 100/100
Vida de MeganMan: 38/100
Dittuu ha sido derrotado en el combate. 
####################################

Korby ataca a MeganMan 
MeganMan se defiende 

####################################
Vida de Korby: 100/100
Vida de MeganMan: 38/100
Dittuu ha sido derrotado en el combate. 
####################################

Korby ha tomado un power up, se ha transformado en Hyperlink
Korby ataca a MeganMan usando su espada
MeganMan se defiende 

####################################
Vida de Korby: 100/100
Vida de MeganMan: 5/100
Dittuu ha sido derrotado en el combate. 
####################################

Korby ataca a MeganMan 
MeganMan se defiende 

####################################
Vida de Korby: 100/100
Vida de MeganMan: 5/100
Dittuu ha sido derrotado en el combate. 
####################################

Korby ataca a MeganMan 
MeganMan se defiende 

####################################
Vida de Korby: 100/100
Vida de MeganMan: 5/100
Dittuu ha sido derrotado en el combate. 
####################################

Korby ha tomado un power up, se ha transformado en Ladrillo
Korby ataca a MeganMan usando caida en la cabeza
MeganMan se defiende 

####################################
Vida de Korby: 100/100
MeganMan ha sido derrotado en el combate. 
Dittuu ha sido derrotado en el combate. 
####################################

EL COMBATE HA TERMINADO
HA GANADO Korby
