
### Quien es tu personaje favorito? ###
0. Korby
1. MeganMan
2. Dittuu
#######################################

El espectador 1 ha escogido como su favorito a: Korby

El espectador 2 ha escogido como su favorito a: MeganMan

El espectador 3 ha escogido como su favorito a: Dittuu

EMPIEZAN LAS APUESTAS

EL COMBATE HA EMPEZADO


####################################
Vida de Korby: 100/100
Vida de MeganMan: 100/100
Vida de Dittuu: 100/100
####################################

Dittuu ha tomado un power up, se ha transformado en Spritle
Korby ataca a MeganMan 20
MeganMan se defiende 
Korby ataca a Dittuu 20
Dittuu se defiende usando caparazon de acero

####################################
Vida de Korby: 100/100
MeganMan ha sido derrotado en el combate. 
Dittuu ha sido derrotado en el combate. 
####################################

EL COMBATE HA TERMINADO
HA GANADO Korby
