[INFO] Scanning for projects...
[INFO] 
[INFO] -------------------< com.bettercodesaul:proyecto_1 >--------------------
[INFO] Building proyecto_1 0.0.1
[INFO] --------------------------------[ jar ]---------------------------------
[INFO] 
[INFO] --- maven-resources-plugin:3.2.0:copy-resources (copy-resource-one) @ proyecto_1 ---
[WARNING] Using platform encoding (UTF-8 actually) to copy filtered resources, i.e. build is platform dependent!
[INFO] Using 'null' encoding to copy filtered properties files.
[INFO] skip non existing resourceDirectory /home/ae-mx-10086/Documentos/github/MYP-20231/proyectos/proyecto_1/source-files
[INFO] 
[INFO] --- fmt-maven-plugin:2.5.0:format (default) @ proyecto_1 ---
[debug] Using Google style
[INFO] Processed 4 files (0 reformatted).
[INFO] 
[INFO] --- maven-resources-plugin:3.2.0:resources (default-resources) @ proyecto_1 ---
[WARNING] Using platform encoding (UTF-8 actually) to copy filtered resources, i.e. build is platform dependent!
[INFO] Using 'null' encoding to copy filtered properties files.
[INFO] Copying 3 resources
[INFO] 
[INFO] --- maven-compiler-plugin:3.1:compile (default-compile) @ proyecto_1 ---
[INFO] Nothing to compile - all classes are up to date
[INFO] 
[INFO] --- maven-resources-plugin:3.2.0:testResources (default-testResources) @ proyecto_1 ---
[WARNING] Using platform encoding (UTF-8 actually) to copy filtered resources, i.e. build is platform dependent!
[INFO] Using 'null' encoding to copy filtered properties files.
[INFO] Copying 0 resource
[INFO] 
[INFO] --- maven-compiler-plugin:3.1:testCompile (default-testCompile) @ proyecto_1 ---
[INFO] Nothing to compile - all classes are up to date
[INFO] 
[INFO] --- maven-surefire-plugin:2.12.4:test (default-test) @ proyecto_1 ---
[INFO] 
[INFO] --- maven-jar-plugin:2.4:jar (default-jar) @ proyecto_1 ---
[INFO] 
[INFO] --- spring-boot-maven-plugin:2.7.2:repackage (default) @ proyecto_1 ---
[INFO] Attaching repackaged archive /home/ae-mx-10086/Documentos/github/MYP-20231/proyectos/proyecto_1/target/proyecto_1-0.0.1-executable.jar with classifier executable
[INFO] ------------------------------------------------------------------------
[INFO] BUILD SUCCESS
[INFO] ------------------------------------------------------------------------
[INFO] Total time:  1.128 s
[INFO] Finished at: 2022-10-17T18:42:08-05:00
[INFO] ------------------------------------------------------------------------
[INFO] Scanning for projects...
[INFO] 
[INFO] -------------------< com.bettercodesaul:proyecto_1 >--------------------
[INFO] Building proyecto_1 0.0.1
[INFO] --------------------------------[ jar ]---------------------------------
[INFO] 
[INFO] --- maven-resources-plugin:3.2.0:copy-resources (copy-resource-one) @ proyecto_1 ---
[WARNING] Using platform encoding (UTF-8 actually) to copy filtered resources, i.e. build is platform dependent!
[INFO] Using 'null' encoding to copy filtered properties files.
[INFO] skip non existing resourceDirectory /home/ae-mx-10086/Documentos/github/MYP-20231/proyectos/proyecto_1/source-files
[INFO] 
[INFO] --- fmt-maven-plugin:2.5.0:format (default) @ proyecto_1 ---
[debug] Using Google style
[INFO] Processed 4 files (0 reformatted).
[INFO] 
[INFO] --- maven-resources-plugin:3.2.0:resources (default-resources) @ proyecto_1 ---
[WARNING] Using platform encoding (UTF-8 actually) to copy filtered resources, i.e. build is platform dependent!
[INFO] Using 'null' encoding to copy filtered properties files.
[INFO] Copying 3 resources
[INFO] 
[INFO] --- maven-compiler-plugin:3.1:compile (default-compile) @ proyecto_1 ---
[INFO] Nothing to compile - all classes are up to date
[INFO] 
[INFO] --- maven-resources-plugin:3.2.0:testResources (default-testResources) @ proyecto_1 ---
[WARNING] Using platform encoding (UTF-8 actually) to copy filtered resources, i.e. build is platform dependent!
[INFO] Using 'null' encoding to copy filtered properties files.
[INFO] Copying 0 resource
[INFO] 
[INFO] --- maven-compiler-plugin:3.1:testCompile (default-testCompile) @ proyecto_1 ---
[INFO] Nothing to compile - all classes are up to date
[INFO] 
[INFO] --- maven-surefire-plugin:2.12.4:test (default-test) @ proyecto_1 ---
[INFO] 
[INFO] --- maven-jar-plugin:2.4:jar (default-jar) @ proyecto_1 ---
[INFO] 
[INFO] --- spring-boot-maven-plugin:2.7.2:repackage (default) @ proyecto_1 ---
[INFO] Attaching repackaged archive /home/ae-mx-10086/Documentos/github/MYP-20231/proyectos/proyecto_1/target/proyecto_1-0.0.1-executable.jar with classifier executable
[INFO] ------------------------------------------------------------------------
[INFO] BUILD SUCCESS
[INFO] ------------------------------------------------------------------------
[INFO] Total time:  1.172 s
[INFO] Finished at: 2022-10-17T18:48:56-05:00
[INFO] ------------------------------------------------------------------------
[INFO] Scanning for projects...
[INFO] 
[INFO] -------------------< com.bettercodesaul:proyecto_1 >--------------------
[INFO] Building proyecto_1 0.0.1
[INFO] --------------------------------[ jar ]---------------------------------
[INFO] 
[INFO] --- maven-resources-plugin:3.2.0:copy-resources (copy-resource-one) @ proyecto_1 ---
[WARNING] Using platform encoding (UTF-8 actually) to copy filtered resources, i.e. build is platform dependent!
[INFO] Using 'null' encoding to copy filtered properties files.
[INFO] skip non existing resourceDirectory /home/ae-mx-10086/Documentos/github/MYP-20231/proyectos/proyecto_1/source-files
[INFO] 
[INFO] --- fmt-maven-plugin:2.5.0:format (default) @ proyecto_1 ---
[debug] Using Google style
[INFO] Processed 3 files (0 reformatted).
[INFO] 
[INFO] --- maven-resources-plugin:3.2.0:resources (default-resources) @ proyecto_1 ---
[WARNING] Using platform encoding (UTF-8 actually) to copy filtered resources, i.e. build is platform dependent!
[INFO] Using 'null' encoding to copy filtered properties files.
[INFO] Copying 3 resources
[INFO] 
[INFO] --- maven-compiler-plugin:3.1:compile (default-compile) @ proyecto_1 ---
[INFO] Changes detected - recompiling the module!
[WARNING] File encoding has not been set, using platform encoding UTF-8, i.e. build is platform dependent!
[INFO] Compiling 4 source files to /home/ae-mx-10086/Documentos/github/MYP-20231/proyectos/proyecto_1/target/classes
[INFO] 
[INFO] --- maven-resources-plugin:3.2.0:testResources (default-testResources) @ proyecto_1 ---
[WARNING] Using platform encoding (UTF-8 actually) to copy filtered resources, i.e. build is platform dependent!
[INFO] Using 'null' encoding to copy filtered properties files.
[INFO] Copying 0 resource
[INFO] 
[INFO] --- maven-compiler-plugin:3.1:testCompile (default-testCompile) @ proyecto_1 ---
[INFO] Nothing to compile - all classes are up to date
[INFO] 
[INFO] --- maven-surefire-plugin:2.12.4:test (default-test) @ proyecto_1 ---
[INFO] 
[INFO] --- maven-jar-plugin:2.4:jar (default-jar) @ proyecto_1 ---
[INFO] Building jar: /home/ae-mx-10086/Documentos/github/MYP-20231/proyectos/proyecto_1/target/proyecto_1-0.0.1.jar
[INFO] 
[INFO] --- spring-boot-maven-plugin:2.7.2:repackage (default) @ proyecto_1 ---
[INFO] Attaching repackaged archive /home/ae-mx-10086/Documentos/github/MYP-20231/proyectos/proyecto_1/target/proyecto_1-0.0.1-executable.jar with classifier executable
[INFO] ------------------------------------------------------------------------
[INFO] BUILD SUCCESS
[INFO] ------------------------------------------------------------------------
[INFO] Total time:  1.519 s
[INFO] Finished at: 2022-10-17T18:50:54-05:00
[INFO] ------------------------------------------------------------------------
[INFO] Scanning for projects...
[INFO] 
[INFO] -------------------< com.bettercodesaul:proyecto_1 >--------------------
[INFO] Building proyecto_1 0.0.1
[INFO] --------------------------------[ jar ]---------------------------------
[INFO] 
[INFO] --- maven-resources-plugin:3.2.0:copy-resources (copy-resource-one) @ proyecto_1 ---
[WARNING] Using platform encoding (UTF-8 actually) to copy filtered resources, i.e. build is platform dependent!
[INFO] Using 'null' encoding to copy filtered properties files.
[INFO] skip non existing resourceDirectory /home/ae-mx-10086/Documentos/github/MYP-20231/proyectos/proyecto_1/source-files
[INFO] 
[INFO] --- fmt-maven-plugin:2.5.0:format (default) @ proyecto_1 ---
[debug] Using Google style
[INFO] Processed 4 files (0 reformatted).
[INFO] 
[INFO] --- maven-resources-plugin:3.2.0:resources (default-resources) @ proyecto_1 ---
[WARNING] Using platform encoding (UTF-8 actually) to copy filtered resources, i.e. build is platform dependent!
[INFO] Using 'null' encoding to copy filtered properties files.
[INFO] Copying 3 resources
[INFO] 
[INFO] --- maven-compiler-plugin:3.1:compile (default-compile) @ proyecto_1 ---
[INFO] Nothing to compile - all classes are up to date
[INFO] 
[INFO] --- maven-resources-plugin:3.2.0:testResources (default-testResources) @ proyecto_1 ---
[WARNING] Using platform encoding (UTF-8 actually) to copy filtered resources, i.e. build is platform dependent!
[INFO] Using 'null' encoding to copy filtered properties files.
[INFO] Copying 0 resource
[INFO] 
[INFO] --- maven-compiler-plugin:3.1:testCompile (default-testCompile) @ proyecto_1 ---
[INFO] Nothing to compile - all classes are up to date
[INFO] 
[INFO] --- maven-surefire-plugin:2.12.4:test (default-test) @ proyecto_1 ---
[INFO] 
[INFO] --- maven-jar-plugin:2.4:jar (default-jar) @ proyecto_1 ---
[INFO] 
[INFO] --- spring-boot-maven-plugin:2.7.2:repackage (default) @ proyecto_1 ---
[INFO] Attaching repackaged archive /home/ae-mx-10086/Documentos/github/MYP-20231/proyectos/proyecto_1/target/proyecto_1-0.0.1-executable.jar with classifier executable
[INFO] ------------------------------------------------------------------------
[INFO] BUILD SUCCESS
[INFO] ------------------------------------------------------------------------
[INFO] Total time:  1.108 s
[INFO] Finished at: 2022-10-17T18:51:11-05:00
[INFO] ------------------------------------------------------------------------
[INFO] Scanning for projects...
[INFO] 
[INFO] -------------------< com.bettercodesaul:proyecto_1 >--------------------
[INFO] Building proyecto_1 0.0.1
[INFO] --------------------------------[ jar ]---------------------------------
[INFO] 
[INFO] --- maven-resources-plugin:3.2.0:copy-resources (copy-resource-one) @ proyecto_1 ---
[WARNING] Using platform encoding (UTF-8 actually) to copy filtered resources, i.e. build is platform dependent!
[INFO] Using 'null' encoding to copy filtered properties files.
[INFO] skip non existing resourceDirectory /home/ae-mx-10086/Documentos/github/MYP-20231/proyectos/proyecto_1/source-files
[INFO] 
[INFO] --- fmt-maven-plugin:2.5.0:format (default) @ proyecto_1 ---
[debug] Using Google style
[INFO] Processed 3 files (0 reformatted).
[INFO] 
[INFO] --- maven-resources-plugin:3.2.0:resources (default-resources) @ proyecto_1 ---
[WARNING] Using platform encoding (UTF-8 actually) to copy filtered resources, i.e. build is platform dependent!
[INFO] Using 'null' encoding to copy filtered properties files.
[INFO] Copying 3 resources
[INFO] 
[INFO] --- maven-compiler-plugin:3.1:compile (default-compile) @ proyecto_1 ---
[INFO] Nothing to compile - all classes are up to date
[INFO] 
[INFO] --- maven-resources-plugin:3.2.0:testResources (default-testResources) @ proyecto_1 ---
[WARNING] Using platform encoding (UTF-8 actually) to copy filtered resources, i.e. build is platform dependent!
[INFO] Using 'null' encoding to copy filtered properties files.
[INFO] Copying 0 resource
[INFO] 
[INFO] --- maven-compiler-plugin:3.1:testCompile (default-testCompile) @ proyecto_1 ---
[INFO] Nothing to compile - all classes are up to date
[INFO] 
[INFO] --- maven-surefire-plugin:2.12.4:test (default-test) @ proyecto_1 ---
[INFO] 
[INFO] --- maven-jar-plugin:2.4:jar (default-jar) @ proyecto_1 ---
[INFO] 
[INFO] --- spring-boot-maven-plugin:2.7.2:repackage (default) @ proyecto_1 ---
[INFO] Attaching repackaged archive /home/ae-mx-10086/Documentos/github/MYP-20231/proyectos/proyecto_1/target/proyecto_1-0.0.1-executable.jar with classifier executable
[INFO] ------------------------------------------------------------------------
[INFO] BUILD SUCCESS
[INFO] ------------------------------------------------------------------------
[INFO] Total time:  1.088 s
[INFO] Finished at: 2022-10-17T18:51:18-05:00
[INFO] ------------------------------------------------------------------------
[INFO] Scanning for projects...
[INFO] 
[INFO] -------------------< com.bettercodesaul:proyecto_1 >--------------------
[INFO] Building proyecto_1 0.0.1
[INFO] --------------------------------[ jar ]---------------------------------
[INFO] 
[INFO] --- maven-resources-plugin:3.2.0:copy-resources (copy-resource-one) @ proyecto_1 ---
[WARNING] Using platform encoding (UTF-8 actually) to copy filtered resources, i.e. build is platform dependent!
[INFO] Using 'null' encoding to copy filtered properties files.
[INFO] skip non existing resourceDirectory /home/ae-mx-10086/Documentos/github/MYP-20231/proyectos/proyecto_1/source-files
[INFO] 
[INFO] --- fmt-maven-plugin:2.5.0:format (default) @ proyecto_1 ---
[debug] Using Google style
[INFO] Processed 4 files (1 reformatted).
[INFO] 
[INFO] --- maven-resources-plugin:3.2.0:resources (default-resources) @ proyecto_1 ---
[WARNING] Using platform encoding (UTF-8 actually) to copy filtered resources, i.e. build is platform dependent!
[INFO] Using 'null' encoding to copy filtered properties files.
[INFO] Copying 3 resources
[INFO] 
[INFO] --- maven-compiler-plugin:3.1:compile (default-compile) @ proyecto_1 ---
[INFO] Changes detected - recompiling the module!
[WARNING] File encoding has not been set, using platform encoding UTF-8, i.e. build is platform dependent!
[INFO] Compiling 4 source files to /home/ae-mx-10086/Documentos/github/MYP-20231/proyectos/proyecto_1/target/classes
[INFO] 
[INFO] --- maven-resources-plugin:3.2.0:testResources (default-testResources) @ proyecto_1 ---
[WARNING] Using platform encoding (UTF-8 actually) to copy filtered resources, i.e. build is platform dependent!
[INFO] Using 'null' encoding to copy filtered properties files.
[INFO] Copying 0 resource
[INFO] 
[INFO] --- maven-compiler-plugin:3.1:testCompile (default-testCompile) @ proyecto_1 ---
[INFO] Nothing to compile - all classes are up to date
[INFO] 
[INFO] --- maven-surefire-plugin:2.12.4:test (default-test) @ proyecto_1 ---
[INFO] 
[INFO] --- maven-jar-plugin:2.4:jar (default-jar) @ proyecto_1 ---
[INFO] Building jar: /home/ae-mx-10086/Documentos/github/MYP-20231/proyectos/proyecto_1/target/proyecto_1-0.0.1.jar
[INFO] 
[INFO] --- spring-boot-maven-plugin:2.7.2:repackage (default) @ proyecto_1 ---
[INFO] Attaching repackaged archive /home/ae-mx-10086/Documentos/github/MYP-20231/proyectos/proyecto_1/target/proyecto_1-0.0.1-executable.jar with classifier executable
[INFO] ------------------------------------------------------------------------
[INFO] BUILD SUCCESS
[INFO] ------------------------------------------------------------------------
[INFO] Total time:  1.603 s
[INFO] Finished at: 2022-10-22T00:08:10-05:00
[INFO] ------------------------------------------------------------------------
[INFO] Scanning for projects...
[INFO] 
[INFO] -------------------< com.bettercodesaul:proyecto_1 >--------------------
[INFO] Building proyecto_1 0.0.1
[INFO] --------------------------------[ jar ]---------------------------------
[INFO] 
[INFO] --- maven-resources-plugin:3.2.0:copy-resources (copy-resource-one) @ proyecto_1 ---
[WARNING] Using platform encoding (UTF-8 actually) to copy filtered resources, i.e. build is platform dependent!
[INFO] Using 'null' encoding to copy filtered properties files.
[INFO] skip non existing resourceDirectory /home/ae-mx-10086/Documentos/github/MYP-20231/proyectos/proyecto_1/source-files
[INFO] 
[INFO] --- fmt-maven-plugin:2.5.0:format (default) @ proyecto_1 ---
[debug] Using Google style
[INFO] Processed 4 files (1 reformatted).
[INFO] 
[INFO] --- maven-resources-plugin:3.2.0:resources (default-resources) @ proyecto_1 ---
[WARNING] Using platform encoding (UTF-8 actually) to copy filtered resources, i.e. build is platform dependent!
[INFO] Using 'null' encoding to copy filtered properties files.
[INFO] Copying 3 resources
[INFO] 
[INFO] --- maven-compiler-plugin:3.1:compile (default-compile) @ proyecto_1 ---
[INFO] Changes detected - recompiling the module!
[WARNING] File encoding has not been set, using platform encoding UTF-8, i.e. build is platform dependent!
[INFO] Compiling 4 source files to /home/ae-mx-10086/Documentos/github/MYP-20231/proyectos/proyecto_1/target/classes
[INFO] 
[INFO] --- maven-resources-plugin:3.2.0:testResources (default-testResources) @ proyecto_1 ---
[WARNING] Using platform encoding (UTF-8 actually) to copy filtered resources, i.e. build is platform dependent!
[INFO] Using 'null' encoding to copy filtered properties files.
[INFO] Copying 0 resource
[INFO] 
[INFO] --- maven-compiler-plugin:3.1:testCompile (default-testCompile) @ proyecto_1 ---
[INFO] Nothing to compile - all classes are up to date
[INFO] 
[INFO] --- maven-surefire-plugin:2.12.4:test (default-test) @ proyecto_1 ---
[INFO] 
[INFO] --- maven-jar-plugin:2.4:jar (default-jar) @ proyecto_1 ---
[INFO] Building jar: /home/ae-mx-10086/Documentos/github/MYP-20231/proyectos/proyecto_1/target/proyecto_1-0.0.1.jar
[INFO] 
[INFO] --- spring-boot-maven-plugin:2.7.2:repackage (default) @ proyecto_1 ---
[INFO] Attaching repackaged archive /home/ae-mx-10086/Documentos/github/MYP-20231/proyectos/proyecto_1/target/proyecto_1-0.0.1-executable.jar with classifier executable
[INFO] ------------------------------------------------------------------------
[INFO] BUILD SUCCESS
[INFO] ------------------------------------------------------------------------
[INFO] Total time:  1.495 s
[INFO] Finished at: 2022-10-22T00:08:56-05:00
[INFO] ------------------------------------------------------------------------
